Traceback (most recent call last):
  File "<string>", line 1, in <module>
  File "/Users/anan/miniconda3/lib/python3.12/site-packages/bqskit/runtime/attached.py", line 110, in start_attached_server
    server = AttachedServer(num_workers, **kwargs)
             ^^^^^^^^^^^^^^^^^^^^^^^^^^^^^^^^^^^^^
  File "/Users/anan/miniconda3/lib/python3.12/site-packages/bqskit/runtime/attached.py", line 95, in __init__
    self.spawn_workers(
  File "/Users/anan/miniconda3/lib/python3.12/site-packages/bqskit/runtime/base.py", line 304, in spawn_workers
    listener = Listener(('localhost', port), family, backlog=num_workers)
               ^^^^^^^^^^^^^^^^^^^^^^^^^^^^^^^^^^^^^^^^^^^^^^^^^^^^^^^^^^
  File "/Users/anan/miniconda3/lib/python3.12/multiprocessing/connection.py", line 464, in __init__
    self._listener = SocketListener(address, family, backlog)
                     ^^^^^^^^^^^^^^^^^^^^^^^^^^^^^^^^^^^^^^^^
  File "/Users/anan/miniconda3/lib/python3.12/multiprocessing/connection.py", line 608, in __init__
    self._socket.bind(address)
OSError: [Errno 48] Address already in use
Traceback (most recent call last):
  File "/Users/anan/miniconda3/lib/python3.12/site-packages/bqskit/compiler/compiler.py", line 439, in _send_recv
    return self._recv_handle_log_error()
           ^^^^^^^^^^^^^^^^^^^^^^^^^^^^^
  File "/Users/anan/miniconda3/lib/python3.12/site-packages/bqskit/compiler/compiler.py", line 453, in _recv_handle_log_error
    msg, payload = self.conn.recv()
                   ^^^^^^^^^^^^^^^^
  File "/Users/anan/miniconda3/lib/python3.12/multiprocessing/connection.py", line 250, in recv
    buf = self._recv_bytes()
          ^^^^^^^^^^^^^^^^^^
  File "/Users/anan/miniconda3/lib/python3.12/multiprocessing/connection.py", line 430, in _recv_bytes
    buf = self._recv(4)
          ^^^^^^^^^^^^^
  File "/Users/anan/miniconda3/lib/python3.12/multiprocessing/connection.py", line 395, in _recv
    chunk = read(handle, remaining)
            ^^^^^^^^^^^^^^^^^^^^^^^
ConnectionResetError: [Errno 54] Connection reset by peer

The above exception was the direct cause of the following exception:

Traceback (most recent call last):
  File "/Users/anan/git-projects/quantum/canopus/experiments/./bench_all_bqskit.py", line 43, in <module>
    bqskit_compiler = Compiler()
                      ^^^^^^^^^^
  File "/Users/anan/miniconda3/lib/python3.12/site-packages/bqskit/compiler/compiler.py", line 122, in __init__
    self._connect_to_server(ip, port, self.p is not None)
  File "/Users/anan/miniconda3/lib/python3.12/site-packages/bqskit/compiler/compiler.py", line 185, in _connect_to_server
    msg, payload = self._send_recv(RuntimeMessage.CONNECT, sys.path)
                   ^^^^^^^^^^^^^^^^^^^^^^^^^^^^^^^^^^^^^^^^^^^^^^^^^
  File "/Users/anan/miniconda3/lib/python3.12/site-packages/bqskit/compiler/compiler.py", line 444, in _send_recv
    raise RuntimeError('Server connection unexpectedly closed.') from e
RuntimeError: Server connection unexpectedly closed.
